Hello ThereHello Theren/Hello There\nHello Therehello therehello there2016-01-15 08:57:00 | Hello There
2016-01-15 08:58:44 | Hello There

  2016-01-15 08:58:53 | Hello There

  2016-01-15 08:59:12 | Hello There
2016-01-15 08:59:18 | Hello There
2016-01-15 08:59:25 | Hello There
2016-01-15 09:00:01 | ==================[ Incoming Request ]==================
2016-01-15 09:00:01 | Full _REQUEST dump:
Array
(
    [/web_hook] => 
)

2016-01-15 09:00:01 | Processing a "" request...
2016-01-15 09:00:01 | Request type "" unknown, ignoring.
2016-01-15 09:00:01 | Finished processing request.
2016-01-15 09:01:27 | ==================[ Incoming Request ]==================
2016-01-15 09:01:27 | Full _REQUEST dump:
Array
(
    [/web_hook] => 
)

2016-01-15 09:01:27 | Processing a "" request...
2016-01-15 09:01:27 | Request type "" unknown, ignoring.
2016-01-15 09:01:27 | Finished processing request.
